<?xml version="1.0" encoding="UTF-8"?>
<testng-results skipped="0" failed="1" ignored="0" total="1" passed="0">
  <reporter-output>
  </reporter-output>
  <suite name="Cucumber" duration-ms="268" started-at="2022-08-14T12:50:57Z" finished-at="2022-08-14T12:50:58Z">
    <groups>
      <group name="Cucumber">
        <method signature="RunCukesTest.runCukes()[pri:0, instance:Cucumber.RunCukesTest@2b80d80f]" name="runCukes" class="Cucumber.RunCukesTest"/>
      </group> <!-- Cucumber -->
    </groups>
    <test name="CucumberSuite" duration-ms="268" started-at="2022-08-14T12:50:57Z" finished-at="2022-08-14T12:50:58Z">
      <class name="Cucumber.RunCukesTest">
        <test-method status="PASS" signature="setup()[pri:0, instance:Cucumber.RunCukesTest@2b80d80f]" name="setup" is-config="true" duration-ms="90" started-at="2022-08-14T12:50:57Z" finished-at="2022-08-14T12:50:57Z">
          <reporter-output>
          </reporter-output>
        </test-method> <!-- setup -->
        <test-method status="FAIL" signature="runCukes()[pri:0, instance:Cucumber.RunCukesTest@2b80d80f]" name="runCukes" duration-ms="168" started-at="2022-08-14T12:50:57Z" description="TestNGCucumberRunner to invoke Cucumber" finished-at="2022-08-14T12:50:58Z">
          <exception class="java.lang.NullPointerException">
            <full-stacktrace>
              <![CDATA[java.lang.NullPointerException
at com.relevantcodes.extentreports.Report.terminate(Report.java:417)
at com.relevantcodes.extentreports.ExtentReports.close(ExtentReports.java:919)
at com.cucumber.listener.ExtentCucumberFormatter.close(ExtentCucumberFormatter.java:220)
at sun.reflect.NativeMethodAccessorImpl.invoke0(Native Method)
at sun.reflect.NativeMethodAccessorImpl.invoke(Unknown Source)
at sun.reflect.DelegatingMethodAccessorImpl.invoke(Unknown Source)
at java.lang.reflect.Method.invoke(Unknown Source)
at cucumber.runtime.Utils$1.call(Utils.java:37)
at cucumber.runtime.Timeout.timeout(Timeout.java:13)
at cucumber.runtime.Utils.invoke(Utils.java:31)
at cucumber.runtime.RuntimeOptions$1.invoke(RuntimeOptions.java:290)
at com.sun.proxy.$Proxy13.close(Unknown Source)
at cucumber.api.testng.TestNGCucumberRunner.finish(TestNGCucumberRunner.java:77)
at cucumber.api.testng.TestNGCucumberRunner.runCukes(TestNGCucumberRunner.java:55)
at Cucumber.RunCukesTest.runCukes(RunCukesTest.java:37)
at sun.reflect.NativeMethodAccessorImpl.invoke0(Native Method)
at sun.reflect.NativeMethodAccessorImpl.invoke(Unknown Source)
at sun.reflect.DelegatingMethodAccessorImpl.invoke(Unknown Source)
at java.lang.reflect.Method.invoke(Unknown Source)
at org.testng.internal.MethodInvocationHelper.invokeMethod(MethodInvocationHelper.java:124)
at org.testng.internal.Invoker.invokeMethod(Invoker.java:583)
at org.testng.internal.Invoker.invokeTestMethod(Invoker.java:719)
at org.testng.internal.Invoker.invokeTestMethods(Invoker.java:989)
at org.testng.internal.TestMethodWorker.invokeTestMethods(TestMethodWorker.java:125)
at org.testng.internal.TestMethodWorker.run(TestMethodWorker.java:109)
at org.testng.TestRunner.privateRun(TestRunner.java:648)
at org.testng.TestRunner.run(TestRunner.java:505)
at org.testng.SuiteRunner.runTest(SuiteRunner.java:455)
at org.testng.SuiteRunner.runSequentially(SuiteRunner.java:450)
at org.testng.SuiteRunner.privateRun(SuiteRunner.java:415)
at org.testng.SuiteRunner.run(SuiteRunner.java:364)
at org.testng.SuiteRunnerWorker.runSuite(SuiteRunnerWorker.java:52)
at org.testng.SuiteRunnerWorker.run(SuiteRunnerWorker.java:84)
at org.testng.TestNG.runSuitesSequentially(TestNG.java:1208)
at org.testng.TestNG.runSuitesLocally(TestNG.java:1137)
at org.testng.TestNG.runSuites(TestNG.java:1049)
at org.testng.TestNG.run(TestNG.java:1017)
at org.testng.TestNG.privateMain(TestNG.java:1354)
at org.testng.TestNG.main(TestNG.java:1323)
]]>
            </full-stacktrace>
          </exception> <!-- java.lang.NullPointerException -->
          <reporter-output>
          </reporter-output>
        </test-method> <!-- runCukes -->
      </class> <!-- Cucumber.RunCukesTest -->
    </test> <!-- CucumberSuite -->
  </suite> <!-- Cucumber -->
</testng-results>
